2025-06-29 07:23:46,550 - INFO - Iniciando o Keep-Alive Bot
2025-06-29 07:24:18,127 - INFO - Acesso bem-sucedido ao site: https://dreamwalkerplane.onrender.com
2025-06-29 07:39:09,202 - INFO - Acesso bem-sucedido ao site: https://dreamwalkerplane.onrender.com
2025-06-29 07:53:59,728 - INFO - Acesso bem-sucedido ao site: https://dreamwalkerplane.onrender.com
2025-06-29 08:08:50,309 - INFO - Acesso bem-sucedido ao site: https://dreamwalkerplane.onrender.com
2025-06-29 08:23:41,206 - INFO - Acesso bem-sucedido ao site: https://dreamwalkerplane.onrender.com
2025-06-29 08:38:32,103 - INFO - Acesso bem-sucedido ao site: https://dreamwalkerplane.onrender.com
2025-06-29 08:53:23,000 - INFO - Acesso bem-sucedido ao site: https://dreamwalkerplane.onrender.com
2025-06-29 09:08:13,488 - INFO - Acesso bem-sucedido ao site: https://dreamwalkerplane.onrender.com
2025-06-29 09:23:04,385 - INFO - Acesso bem-sucedido ao site: https://dreamwalkerplane.onrender.com
2025-06-29 09:37:55,157 - INFO - Acesso bem-sucedido ao site: https://dreamwalkerplane.onrender.com
2025-06-29 09:52:45,667 - INFO - Acesso bem-sucedido ao site: https://dreamwalkerplane.onrender.com
2025-06-29 10:07:36,666 - INFO - Acesso bem-sucedido ao site: https://dreamwalkerplane.onrender.com
2025-06-29 10:22:27,563 - INFO - Acesso bem-sucedido ao site: https://dreamwalkerplane.onrender.com
2025-06-29 10:37:18,052 - INFO - Acesso bem-sucedido ao site: https://dreamwalkerplane.onrender.com
2025-06-29 10:52:08,851 - INFO - Acesso bem-sucedido ao site: https://dreamwalkerplane.onrender.com
2025-06-29 11:06:59,686 - INFO - Acesso bem-sucedido ao site: https://dreamwalkerplane.onrender.com
2025-06-29 11:21:50,235 - INFO - Acesso bem-sucedido ao site: https://dreamwalkerplane.onrender.com
2025-06-29 11:36:40,723 - INFO - Acesso bem-sucedido ao site: https://dreamwalkerplane.onrender.com
2025-06-29 11:51:31,518 - INFO - Acesso bem-sucedido ao site: https://dreamwalkerplane.onrender.com
2025-06-29 12:06:22,005 - INFO - Acesso bem-sucedido ao site: https://dreamwalkerplane.onrender.com
2025-06-29 12:21:12,443 - INFO - Acesso bem-sucedido ao site: https://dreamwalkerplane.onrender.com
2025-06-29 12:36:03,288 - INFO - Acesso bem-sucedido ao site: https://dreamwalkerplane.onrender.com
2025-06-29 12:50:54,185 - INFO - Acesso bem-sucedido ao site: https://dreamwalkerplane.onrender.com
2025-06-29 13:05:44,674 - INFO - Acesso bem-sucedido ao site: https://dreamwalkerplane.onrender.com
2025-06-29 13:20:35,470 - INFO - Acesso bem-sucedido ao site: https://dreamwalkerplane.onrender.com
2025-06-29 13:35:25,957 - INFO - Acesso bem-sucedido ao site: https://dreamwalkerplane.onrender.com
2025-06-29 13:50:16,547 - INFO - Acesso bem-sucedido ao site: https://dreamwalkerplane.onrender.com
2025-06-29 14:05:07,037 - INFO - Acesso bem-sucedido ao site: https://dreamwalkerplane.onrender.com
2025-06-29 14:19:57,459 - INFO - Acesso bem-sucedido ao site: https://dreamwalkerplane.onrender.com
2025-06-29 14:34:48,211 - INFO - Acesso bem-sucedido ao site: https://dreamwalkerplane.onrender.com
2025-06-29 14:49:39,036 - INFO - Acesso bem-sucedido ao site: https://dreamwalkerplane.onrender.com
2025-06-29 15:04:29,539 - INFO - Acesso bem-sucedido ao site: https://dreamwalkerplane.onrender.com
2025-06-29 15:19:20,395 - INFO - Acesso bem-sucedido ao site: https://dreamwalkerplane.onrender.com
2025-06-29 15:34:10,839 - INFO - Acesso bem-sucedido ao site: https://dreamwalkerplane.onrender.com
2025-06-29 15:49:01,681 - INFO - Acesso bem-sucedido ao site: https://dreamwalkerplane.onrender.com
2025-06-29 16:03:52,268 - INFO - Acesso bem-sucedido ao site: https://dreamwalkerplane.onrender.com
2025-06-29 16:18:43,165 - INFO - Acesso bem-sucedido ao site: https://dreamwalkerplane.onrender.com
2025-06-29 16:33:33,653 - INFO - Acesso bem-sucedido ao site: https://dreamwalkerplane.onrender.com
2025-06-29 16:48:24,146 - INFO - Acesso bem-sucedido ao site: https://dreamwalkerplane.onrender.com
2025-06-29 17:03:14,600 - INFO - Acesso bem-sucedido ao site: https://dreamwalkerplane.onrender.com
2025-06-29 17:18:05,116 - INFO - Acesso bem-sucedido ao site: https://dreamwalkerplane.onrender.com
2025-06-29 17:32:55,967 - INFO - Acesso bem-sucedido ao site: https://dreamwalkerplane.onrender.com
2025-06-29 17:47:46,399 - INFO - Acesso bem-sucedido ao site: https://dreamwalkerplane.onrender.com
2025-06-29 18:02:36,887 - INFO - Acesso bem-sucedido ao site: https://dreamwalkerplane.onrender.com
2025-06-29 18:17:27,374 - INFO - Acesso bem-sucedido ao site: https://dreamwalkerplane.onrender.com
2025-06-29 18:32:17,861 - INFO - Acesso bem-sucedido ao site: https://dreamwalkerplane.onrender.com
2025-06-29 18:47:08,351 - INFO - Acesso bem-sucedido ao site: https://dreamwalkerplane.onrender.com
2025-06-29 19:01:58,839 - INFO - Acesso bem-sucedido ao site: https://dreamwalkerplane.onrender.com
2025-06-29 19:16:49,428 - INFO - Acesso bem-sucedido ao site: https://dreamwalkerplane.onrender.com
2025-06-29 19:31:39,916 - INFO - Acesso bem-sucedido ao site: https://dreamwalkerplane.onrender.com
2025-06-29 19:46:30,518 - INFO - Acesso bem-sucedido ao site: https://dreamwalkerplane.onrender.com
2025-06-29 20:01:20,996 - INFO - Acesso bem-sucedido ao site: https://dreamwalkerplane.onrender.com
2025-06-29 20:16:11,486 - INFO - Acesso bem-sucedido ao site: https://dreamwalkerplane.onrender.com
2025-06-29 20:31:02,075 - INFO - Acesso bem-sucedido ao site: https://dreamwalkerplane.onrender.com
2025-06-29 20:45:52,604 - INFO - Acesso bem-sucedido ao site: https://dreamwalkerplane.onrender.com
2025-06-29 21:00:43,152 - INFO - Acesso bem-sucedido ao site: https://dreamwalkerplane.onrender.com
2025-06-29 21:15:33,604 - INFO - Acesso bem-sucedido ao site: https://dreamwalkerplane.onrender.com
2025-06-29 21:30:24,128 - INFO - Acesso bem-sucedido ao site: https://dreamwalkerplane.onrender.com
2025-06-29 21:45:14,625 - INFO - Acesso bem-sucedido ao site: https://dreamwalkerplane.onrender.com
2025-06-29 22:00:05,210 - INFO - Acesso bem-sucedido ao site: https://dreamwalkerplane.onrender.com
2025-06-29 22:14:56,146 - INFO - Acesso bem-sucedido ao site: https://dreamwalkerplane.onrender.com
2025-06-29 22:29:46,595 - INFO - Acesso bem-sucedido ao site: https://dreamwalkerplane.onrender.com
2025-06-29 22:44:37,183 - INFO - Acesso bem-sucedido ao site: https://dreamwalkerplane.onrender.com
2025-06-29 22:59:27,629 - INFO - Acesso bem-sucedido ao site: https://dreamwalkerplane.onrender.com
2025-06-29 23:14:18,158 - INFO - Acesso bem-sucedido ao site: https://dreamwalkerplane.onrender.com
2025-06-29 23:29:09,058 - INFO - Acesso bem-sucedido ao site: https://dreamwalkerplane.onrender.com
2025-06-29 23:43:59,954 - INFO - Acesso bem-sucedido ao site: https://dreamwalkerplane.onrender.com
2025-06-29 23:58:50,441 - INFO - Acesso bem-sucedido ao site: https://dreamwalkerplane.onrender.com
2025-06-30 00:13:41,032 - INFO - Acesso bem-sucedido ao site: https://dreamwalkerplane.onrender.com
2025-06-30 00:28:31,622 - INFO - Acesso bem-sucedido ao site: https://dreamwalkerplane.onrender.com
2025-06-30 00:43:22,111 - INFO - Acesso bem-sucedido ao site: https://dreamwalkerplane.onrender.com
2025-06-30 00:58:12,598 - INFO - Acesso bem-sucedido ao site: https://dreamwalkerplane.onrender.com
2025-06-30 01:13:03,189 - INFO - Acesso bem-sucedido ao site: https://dreamwalkerplane.onrender.com
2025-06-30 01:27:53,778 - INFO - Acesso bem-sucedido ao site: https://dreamwalkerplane.onrender.com
2025-06-30 01:42:44,306 - INFO - Acesso bem-sucedido ao site: https://dreamwalkerplane.onrender.com
2025-06-30 01:57:34,857 - INFO - Acesso bem-sucedido ao site: https://dreamwalkerplane.onrender.com
2025-06-30 02:12:25,343 - INFO - Acesso bem-sucedido ao site: https://dreamwalkerplane.onrender.com
2025-06-30 02:27:15,911 - INFO - Acesso bem-sucedido ao site: https://dreamwalkerplane.onrender.com
2025-06-30 02:42:06,830 - INFO - Acesso bem-sucedido ao site: https://dreamwalkerplane.onrender.com
2025-06-30 02:56:57,318 - INFO - Acesso bem-sucedido ao site: https://dreamwalkerplane.onrender.com
2025-06-30 03:11:47,910 - INFO - Acesso bem-sucedido ao site: https://dreamwalkerplane.onrender.com
2025-06-30 03:26:38,724 - INFO - Acesso bem-sucedido ao site: https://dreamwalkerplane.onrender.com
2025-06-30 03:41:29,295 - INFO - Acesso bem-sucedido ao site: https://dreamwalkerplane.onrender.com
2025-06-30 03:56:20,191 - INFO - Acesso bem-sucedido ao site: https://dreamwalkerplane.onrender.com
2025-06-30 04:11:10,782 - INFO - Acesso bem-sucedido ao site: https://dreamwalkerplane.onrender.com
2025-06-30 04:26:01,371 - INFO - Acesso bem-sucedido ao site: https://dreamwalkerplane.onrender.com
2025-06-30 04:40:51,921 - INFO - Acesso bem-sucedido ao site: https://dreamwalkerplane.onrender.com
2025-06-30 04:55:47,569 - INFO - Acesso bem-sucedido ao site: https://dreamwalkerplane.onrender.com
2025-06-30 05:10:38,466 - INFO - Acesso bem-sucedido ao site: https://dreamwalkerplane.onrender.com
2025-06-30 05:25:29,364 - INFO - Acesso bem-sucedido ao site: https://dreamwalkerplane.onrender.com
2025-06-30 05:40:19,902 - INFO - Acesso bem-sucedido ao site: https://dreamwalkerplane.onrender.com
2025-06-30 05:55:10,852 - INFO - Acesso bem-sucedido ao site: https://dreamwalkerplane.onrender.com
2025-06-30 06:10:01,441 - INFO - Acesso bem-sucedido ao site: https://dreamwalkerplane.onrender.com
2025-06-30 06:24:52,339 - INFO - Acesso bem-sucedido ao site: https://dreamwalkerplane.onrender.com
2025-06-30 06:39:43,133 - INFO - Acesso bem-sucedido ao site: https://dreamwalkerplane.onrender.com
2025-06-30 06:54:34,031 - INFO - Acesso bem-sucedido ao site: https://dreamwalkerplane.onrender.com
2025-06-30 07:09:24,621 - INFO - Acesso bem-sucedido ao site: https://dreamwalkerplane.onrender.com
2025-06-30 07:24:15,314 - INFO - Acesso bem-sucedido ao site: https://dreamwalkerplane.onrender.com
2025-06-30 07:39:05,903 - INFO - Acesso bem-sucedido ao site: https://dreamwalkerplane.onrender.com
2025-06-30 07:53:56,493 - INFO - Acesso bem-sucedido ao site: https://dreamwalkerplane.onrender.com
2025-06-30 08:08:47,186 - INFO - Acesso bem-sucedido ao site: https://dreamwalkerplane.onrender.com
2025-06-30 08:23:38,083 - INFO - Acesso bem-sucedido ao site: https://dreamwalkerplane.onrender.com
2025-06-30 08:38:28,623 - INFO - Acesso bem-sucedido ao site: https://dreamwalkerplane.onrender.com
2025-06-30 08:53:19,161 - INFO - Acesso bem-sucedido ao site: https://dreamwalkerplane.onrender.com
2025-06-30 09:08:10,057 - INFO - Acesso bem-sucedido ao site: https://dreamwalkerplane.onrender.com
2025-06-30 09:23:00,648 - INFO - Acesso bem-sucedido ao site: https://dreamwalkerplane.onrender.com
2025-06-30 09:37:51,237 - INFO - Acesso bem-sucedido ao site: https://dreamwalkerplane.onrender.com
2025-06-30 09:52:41,828 - INFO - Acesso bem-sucedido ao site: https://dreamwalkerplane.onrender.com
2025-06-30 10:07:32,418 - INFO - Acesso bem-sucedido ao site: https://dreamwalkerplane.onrender.com
2025-06-30 10:22:23,009 - INFO - Acesso bem-sucedido ao site: https://dreamwalkerplane.onrender.com
2025-06-30 10:37:13,599 - INFO - Acesso bem-sucedido ao site: https://dreamwalkerplane.onrender.com
2025-06-30 10:52:04,294 - INFO - Acesso bem-sucedido ao site: https://dreamwalkerplane.onrender.com
2025-06-30 11:06:54,881 - INFO - Acesso bem-sucedido ao site: https://dreamwalkerplane.onrender.com
2025-06-30 11:21:45,574 - INFO - Acesso bem-sucedido ao site: https://dreamwalkerplane.onrender.com
2025-06-30 11:36:36,167 - INFO - Acesso bem-sucedido ao site: https://dreamwalkerplane.onrender.com
2025-06-30 11:51:26,754 - INFO - Acesso bem-sucedido ao site: https://dreamwalkerplane.onrender.com
2025-06-30 12:06:17,448 - INFO - Acesso bem-sucedido ao site: https://dreamwalkerplane.onrender.com
2025-06-30 12:21:08,034 - INFO - Acesso bem-sucedido ao site: https://dreamwalkerplane.onrender.com
2025-06-30 12:35:58,829 - INFO - Acesso bem-sucedido ao site: https://dreamwalkerplane.onrender.com
2025-06-30 12:50:49,827 - INFO - Acesso bem-sucedido ao site: https://dreamwalkerplane.onrender.com
2025-06-30 13:05:40,519 - INFO - Acesso bem-sucedido ao site: https://dreamwalkerplane.onrender.com
2025-06-30 13:20:31,180 - INFO - Acesso bem-sucedido ao site: https://dreamwalkerplane.onrender.com
2025-06-30 13:35:27,125 - INFO - Acesso bem-sucedido ao site: https://dreamwalkerplane.onrender.com
2025-06-30 13:50:17,716 - INFO - Acesso bem-sucedido ao site: https://dreamwalkerplane.onrender.com
2025-06-30 14:12:08,263 - WARNING - Acesso com falha (503) ao site: https://dreamwalkerplane.onrender.com
2025-06-30 14:33:58,703 - WARNING - Acesso com falha (503) ao site: https://dreamwalkerplane.onrender.com
2025-06-30 14:48:49,291 - INFO - Acesso bem-sucedido ao site: https://dreamwalkerplane.onrender.com
2025-06-30 15:03:44,732 - INFO - Acesso bem-sucedido ao site: https://dreamwalkerplane.onrender.com
2025-06-30 15:18:40,200 - INFO - Acesso bem-sucedido ao site: https://dreamwalkerplane.onrender.com
2025-06-30 15:33:35,602 - INFO - Acesso bem-sucedido ao site: https://dreamwalkerplane.onrender.com
2025-06-30 16:39:20,626 - INFO - Acesso bem-sucedido ao site: https://dreamwalkerplane.onrender.com
2025-06-30 16:54:11,124 - INFO - Acesso bem-sucedido ao site: https://dreamwalkerplane.onrender.com
2025-06-30 17:09:02,034 - INFO - Acesso bem-sucedido ao site: https://dreamwalkerplane.onrender.com
2025-06-30 17:23:52,518 - INFO - Acesso bem-sucedido ao site: https://dreamwalkerplane.onrender.com
2025-06-30 17:38:43,019 - INFO - Acesso bem-sucedido ao site: https://dreamwalkerplane.onrender.com
2025-06-30 17:53:33,470 - INFO - Acesso bem-sucedido ao site: https://dreamwalkerplane.onrender.com
2025-06-30 18:08:24,364 - INFO - Acesso bem-sucedido ao site: https://dreamwalkerplane.onrender.com
2025-06-30 18:23:14,855 - INFO - Acesso bem-sucedido ao site: https://dreamwalkerplane.onrender.com
2025-06-30 18:38:05,315 - INFO - Acesso bem-sucedido ao site: https://dreamwalkerplane.onrender.com
2025-06-30 18:52:55,801 - INFO - Acesso bem-sucedido ao site: https://dreamwalkerplane.onrender.com
2025-06-30 19:07:46,291 - INFO - Acesso bem-sucedido ao site: https://dreamwalkerplane.onrender.com
2025-06-30 19:22:36,756 - INFO - Acesso bem-sucedido ao site: https://dreamwalkerplane.onrender.com
2025-06-30 19:37:27,235 - INFO - Acesso bem-sucedido ao site: https://dreamwalkerplane.onrender.com
2025-06-30 19:52:17,713 - INFO - Acesso bem-sucedido ao site: https://dreamwalkerplane.onrender.com
2025-06-30 20:07:08,196 - INFO - Acesso bem-sucedido ao site: https://dreamwalkerplane.onrender.com
2025-06-30 20:21:58,675 - INFO - Acesso bem-sucedido ao site: https://dreamwalkerplane.onrender.com
2025-06-30 20:36:49,154 - INFO - Acesso bem-sucedido ao site: https://dreamwalkerplane.onrender.com
2025-06-30 20:51:39,637 - INFO - Acesso bem-sucedido ao site: https://dreamwalkerplane.onrender.com
2025-06-30 21:06:30,113 - INFO - Acesso bem-sucedido ao site: https://dreamwalkerplane.onrender.com
2025-06-30 23:22:40,400 - INFO - Acesso bem-sucedido ao site: https://dreamwalkerplane.onrender.com
2025-06-30 23:37:31,197 - INFO - Acesso bem-sucedido ao site: https://dreamwalkerplane.onrender.com
2025-06-30 23:52:21,693 - INFO - Acesso bem-sucedido ao site: https://dreamwalkerplane.onrender.com
2025-07-01 00:07:12,185 - INFO - Acesso bem-sucedido ao site: https://dreamwalkerplane.onrender.com
2025-07-01 00:22:02,663 - INFO - Acesso bem-sucedido ao site: https://dreamwalkerplane.onrender.com
2025-07-01 00:36:53,474 - INFO - Acesso bem-sucedido ao site: https://dreamwalkerplane.onrender.com
2025-07-01 00:51:44,364 - INFO - Acesso bem-sucedido ao site: https://dreamwalkerplane.onrender.com
2025-07-01 01:06:34,871 - INFO - Acesso bem-sucedido ao site: https://dreamwalkerplane.onrender.com
2025-07-01 01:21:25,331 - INFO - Acesso bem-sucedido ao site: https://dreamwalkerplane.onrender.com
2025-07-01 01:36:15,914 - INFO - Acesso bem-sucedido ao site: https://dreamwalkerplane.onrender.com
2025-07-01 01:51:06,396 - INFO - Acesso bem-sucedido ao site: https://dreamwalkerplane.onrender.com
2025-07-01 02:05:56,881 - INFO - Acesso bem-sucedido ao site: https://dreamwalkerplane.onrender.com
2025-07-01 02:20:47,368 - INFO - Acesso bem-sucedido ao site: https://dreamwalkerplane.onrender.com
2025-07-01 02:35:37,853 - INFO - Acesso bem-sucedido ao site: https://dreamwalkerplane.onrender.com
2025-07-01 02:50:28,648 - INFO - Acesso bem-sucedido ao site: https://dreamwalkerplane.onrender.com
2025-07-01 03:05:19,134 - INFO - Acesso bem-sucedido ao site: https://dreamwalkerplane.onrender.com
2025-07-01 03:20:09,622 - INFO - Acesso bem-sucedido ao site: https://dreamwalkerplane.onrender.com
2025-07-01 03:35:00,113 - INFO - Acesso bem-sucedido ao site: https://dreamwalkerplane.onrender.com
2025-07-01 03:49:50,706 - INFO - Acesso bem-sucedido ao site: https://dreamwalkerplane.onrender.com
2025-07-01 04:04:41,193 - INFO - Acesso bem-sucedido ao site: https://dreamwalkerplane.onrender.com
2025-07-01 04:19:31,642 - INFO - Acesso bem-sucedido ao site: https://dreamwalkerplane.onrender.com
2025-07-01 04:34:22,163 - INFO - Acesso bem-sucedido ao site: https://dreamwalkerplane.onrender.com
2025-07-01 04:49:12,753 - INFO - Acesso bem-sucedido ao site: https://dreamwalkerplane.onrender.com
2025-07-01 05:04:03,241 - INFO - Acesso bem-sucedido ao site: https://dreamwalkerplane.onrender.com
2025-07-01 05:18:53,831 - INFO - Acesso bem-sucedido ao site: https://dreamwalkerplane.onrender.com
2025-07-01 05:33:44,320 - INFO - Acesso bem-sucedido ao site: https://dreamwalkerplane.onrender.com
2025-07-01 05:48:34,807 - INFO - Acesso bem-sucedido ao site: https://dreamwalkerplane.onrender.com
2025-07-01 06:03:25,398 - INFO - Acesso bem-sucedido ao site: https://dreamwalkerplane.onrender.com
2025-07-01 06:18:16,295 - INFO - Acesso bem-sucedido ao site: https://dreamwalkerplane.onrender.com
2025-07-01 06:33:06,782 - INFO - Acesso bem-sucedido ao site: https://dreamwalkerplane.onrender.com
2025-07-01 06:47:57,679 - INFO - Acesso bem-sucedido ao site: https://dreamwalkerplane.onrender.com
2025-07-01 07:02:48,269 - INFO - Acesso bem-sucedido ao site: https://dreamwalkerplane.onrender.com
2025-07-01 07:17:38,757 - INFO - Acesso bem-sucedido ao site: https://dreamwalkerplane.onrender.com
2025-07-01 07:32:29,245 - INFO - Acesso bem-sucedido ao site: https://dreamwalkerplane.onrender.com
2025-07-01 07:47:19,734 - INFO - Acesso bem-sucedido ao site: https://dreamwalkerplane.onrender.com
2025-07-01 08:02:10,220 - INFO - Acesso bem-sucedido ao site: https://dreamwalkerplane.onrender.com
2025-07-01 08:17:00,708 - INFO - Acesso bem-sucedido ao site: https://dreamwalkerplane.onrender.com
2025-07-01 08:31:51,165 - INFO - Acesso bem-sucedido ao site: https://dreamwalkerplane.onrender.com
2025-07-01 08:46:41,684 - INFO - Acesso bem-sucedido ao site: https://dreamwalkerplane.onrender.com
2025-07-01 09:01:32,292 - INFO - Acesso bem-sucedido ao site: https://dreamwalkerplane.onrender.com
2025-07-01 09:16:22,863 - INFO - Acesso bem-sucedido ao site: https://dreamwalkerplane.onrender.com
2025-07-01 09:31:13,351 - INFO - Acesso bem-sucedido ao site: https://dreamwalkerplane.onrender.com
2025-07-01 09:46:03,941 - INFO - Acesso bem-sucedido ao site: https://dreamwalkerplane.onrender.com
2025-07-01 10:00:54,428 - INFO - Acesso bem-sucedido ao site: https://dreamwalkerplane.onrender.com
2025-07-01 10:15:50,036 - INFO - Acesso bem-sucedido ao site: https://dreamwalkerplane.onrender.com
2025-07-01 10:30:40,582 - INFO - Acesso bem-sucedido ao site: https://dreamwalkerplane.onrender.com
2025-07-01 10:45:31,114 - INFO - Acesso bem-sucedido ao site: https://dreamwalkerplane.onrender.com
2025-07-01 11:00:21,601 - INFO - Acesso bem-sucedido ao site: https://dreamwalkerplane.onrender.com
2025-07-01 11:15:12,093 - INFO - Acesso bem-sucedido ao site: https://dreamwalkerplane.onrender.com
2025-07-01 11:30:02,576 - INFO - Acesso bem-sucedido ao site: https://dreamwalkerplane.onrender.com
2025-07-01 11:44:53,065 - INFO - Acesso bem-sucedido ao site: https://dreamwalkerplane.onrender.com
2025-07-01 11:59:43,555 - INFO - Acesso bem-sucedido ao site: https://dreamwalkerplane.onrender.com
2025-07-01 12:14:34,145 - INFO - Acesso bem-sucedido ao site: https://dreamwalkerplane.onrender.com
2025-07-01 12:29:24,736 - INFO - Acesso bem-sucedido ao site: https://dreamwalkerplane.onrender.com
2025-07-01 12:44:15,326 - INFO - Acesso bem-sucedido ao site: https://dreamwalkerplane.onrender.com
2025-07-01 12:59:05,814 - INFO - Acesso bem-sucedido ao site: https://dreamwalkerplane.onrender.com
2025-07-01 13:13:56,507 - INFO - Acesso bem-sucedido ao site: https://dreamwalkerplane.onrender.com
2025-07-01 13:28:47,097 - INFO - Acesso bem-sucedido ao site: https://dreamwalkerplane.onrender.com
2025-07-01 13:43:37,686 - INFO - Acesso bem-sucedido ao site: https://dreamwalkerplane.onrender.com
2025-07-01 13:58:28,275 - INFO - Acesso bem-sucedido ao site: https://dreamwalkerplane.onrender.com
2025-07-01 14:13:18,866 - INFO - Acesso bem-sucedido ao site: https://dreamwalkerplane.onrender.com
2025-07-01 14:28:09,558 - INFO - Acesso bem-sucedido ao site: https://dreamwalkerplane.onrender.com
2025-07-01 14:43:00,046 - INFO - Acesso bem-sucedido ao site: https://dreamwalkerplane.onrender.com
2025-07-01 14:57:50,636 - INFO - Acesso bem-sucedido ao site: https://dreamwalkerplane.onrender.com
2025-07-01 15:12:41,068 - INFO - Acesso bem-sucedido ao site: https://dreamwalkerplane.onrender.com
2025-07-01 15:27:31,714 - INFO - Acesso bem-sucedido ao site: https://dreamwalkerplane.onrender.com
2025-07-01 15:42:22,201 - INFO - Acesso bem-sucedido ao site: https://dreamwalkerplane.onrender.com
2025-07-01 15:57:12,690 - INFO - Acesso bem-sucedido ao site: https://dreamwalkerplane.onrender.com
2025-07-01 16:12:03,280 - INFO - Acesso bem-sucedido ao site: https://dreamwalkerplane.onrender.com
2025-07-01 16:26:53,869 - INFO - Acesso bem-sucedido ao site: https://dreamwalkerplane.onrender.com
2025-07-01 16:41:44,299 - INFO - Acesso bem-sucedido ao site: https://dreamwalkerplane.onrender.com
2025-07-01 16:56:34,748 - INFO - Acesso bem-sucedido ao site: https://dreamwalkerplane.onrender.com
2025-07-01 17:11:25,332 - INFO - Acesso bem-sucedido ao site: https://dreamwalkerplane.onrender.com
2025-07-01 18:37:26,341 - INFO - Acesso bem-sucedido ao site: https://dreamwalkerplane.onrender.com
2025-07-01 18:52:17,110 - INFO - Acesso bem-sucedido ao site: https://dreamwalkerplane.onrender.com
2025-07-01 19:07:09,327 - INFO - Acesso bem-sucedido ao site: https://dreamwalkerplane.onrender.com
2025-07-01 19:21:59,855 - INFO - Acesso bem-sucedido ao site: https://dreamwalkerplane.onrender.com
2025-07-01 19:36:50,694 - INFO - Acesso bem-sucedido ao site: https://dreamwalkerplane.onrender.com
2025-07-01 19:51:41,168 - INFO - Acesso bem-sucedido ao site: https://dreamwalkerplane.onrender.com
2025-07-01 20:06:31,694 - INFO - Acesso bem-sucedido ao site: https://dreamwalkerplane.onrender.com
2025-07-01 20:21:22,205 - INFO - Acesso bem-sucedido ao site: https://dreamwalkerplane.onrender.com
2025-07-01 20:36:12,832 - INFO - Acesso bem-sucedido ao site: https://dreamwalkerplane.onrender.com
2025-07-01 20:51:03,347 - INFO - Acesso bem-sucedido ao site: https://dreamwalkerplane.onrender.com
2025-07-03 17:40:43,304 - INFO - Iniciando o Keep-Alive Bot
2025-07-03 17:41:07,347 - INFO - Acesso bem-sucedido ao site: https://dreamwalkerplane.onrender.com
2025-07-03 17:55:58,269 - INFO - Acesso bem-sucedido ao site: https://dreamwalkerplane.onrender.com
2025-07-03 18:10:49,171 - INFO - Acesso bem-sucedido ao site: https://dreamwalkerplane.onrender.com
2025-07-03 18:25:39,623 - INFO - Acesso bem-sucedido ao site: https://dreamwalkerplane.onrender.com
2025-07-03 18:40:30,137 - INFO - Acesso bem-sucedido ao site: https://dreamwalkerplane.onrender.com
2025-07-03 18:55:20,695 - INFO - Acesso bem-sucedido ao site: https://dreamwalkerplane.onrender.com
2025-07-03 19:10:11,542 - INFO - Acesso bem-sucedido ao site: https://dreamwalkerplane.onrender.com
2025-07-03 19:25:02,033 - INFO - Acesso bem-sucedido ao site: https://dreamwalkerplane.onrender.com
2025-07-03 19:51:27,508 - INFO - Acesso bem-sucedido ao site: https://dreamwalkerplane.onrender.com
2025-07-03 20:06:18,014 - INFO - Acesso bem-sucedido ao site: https://dreamwalkerplane.onrender.com
2025-07-03 20:21:08,946 - INFO - Acesso bem-sucedido ao site: https://dreamwalkerplane.onrender.com
2025-07-03 20:35:59,466 - INFO - Acesso bem-sucedido ao site: https://dreamwalkerplane.onrender.com
2025-07-03 20:50:50,280 - INFO - Acesso bem-sucedido ao site: https://dreamwalkerplane.onrender.com
2025-07-03 21:05:41,116 - INFO - Acesso bem-sucedido ao site: https://dreamwalkerplane.onrender.com
2025-07-03 21:20:31,635 - INFO - Acesso bem-sucedido ao site: https://dreamwalkerplane.onrender.com
2025-07-03 21:35:22,489 - INFO - Acesso bem-sucedido ao site: https://dreamwalkerplane.onrender.com
2025-07-03 21:50:13,178 - INFO - Acesso bem-sucedido ao site: https://dreamwalkerplane.onrender.com
2025-07-04 07:58:15,151 - INFO - Iniciando o Keep-Alive Bot
2025-07-04 07:58:47,150 - INFO - Acesso bem-sucedido ao site: https://dreamwalkerplane.onrender.com
2025-07-04 08:13:37,757 - INFO - Acesso bem-sucedido ao site: https://dreamwalkerplane.onrender.com
2025-07-04 08:28:28,386 - INFO - Acesso bem-sucedido ao site: https://dreamwalkerplane.onrender.com
2025-07-04 08:43:19,246 - INFO - Acesso bem-sucedido ao site: https://dreamwalkerplane.onrender.com
2025-07-04 08:58:09,711 - INFO - Acesso bem-sucedido ao site: https://dreamwalkerplane.onrender.com
2025-07-04 09:13:00,625 - INFO - Acesso bem-sucedido ao site: https://dreamwalkerplane.onrender.com
2025-07-04 09:27:51,372 - INFO - Acesso bem-sucedido ao site: https://dreamwalkerplane.onrender.com
2025-07-04 09:42:41,832 - INFO - Acesso bem-sucedido ao site: https://dreamwalkerplane.onrender.com
2025-07-04 09:57:32,389 - INFO - Acesso bem-sucedido ao site: https://dreamwalkerplane.onrender.com
2025-07-04 10:12:23,312 - INFO - Acesso bem-sucedido ao site: https://dreamwalkerplane.onrender.com
2025-07-04 10:27:13,827 - INFO - Acesso bem-sucedido ao site: https://dreamwalkerplane.onrender.com
2025-07-04 10:42:04,340 - INFO - Acesso bem-sucedido ao site: https://dreamwalkerplane.onrender.com
2025-07-04 10:56:54,891 - INFO - Acesso bem-sucedido ao site: https://dreamwalkerplane.onrender.com
2025-07-04 11:11:45,474 - INFO - Acesso bem-sucedido ao site: https://dreamwalkerplane.onrender.com
2025-07-04 11:26:35,989 - INFO - Acesso bem-sucedido ao site: https://dreamwalkerplane.onrender.com
2025-07-04 11:41:26,912 - INFO - Acesso bem-sucedido ao site: https://dreamwalkerplane.onrender.com
2025-07-04 11:56:17,470 - INFO - Acesso bem-sucedido ao site: https://dreamwalkerplane.onrender.com
2025-07-04 12:11:08,284 - INFO - Acesso bem-sucedido ao site: https://dreamwalkerplane.onrender.com
2025-07-04 12:25:58,859 - INFO - Acesso bem-sucedido ao site: https://dreamwalkerplane.onrender.com
2025-07-04 12:40:49,380 - INFO - Acesso bem-sucedido ao site: https://dreamwalkerplane.onrender.com
2025-07-04 12:55:39,898 - INFO - Acesso bem-sucedido ao site: https://dreamwalkerplane.onrender.com
2025-07-04 13:10:30,428 - INFO - Acesso bem-sucedido ao site: https://dreamwalkerplane.onrender.com
2025-07-04 13:25:21,297 - INFO - Acesso bem-sucedido ao site: https://dreamwalkerplane.onrender.com
2025-07-04 13:40:11,834 - INFO - Acesso bem-sucedido ao site: https://dreamwalkerplane.onrender.com
2025-07-04 13:55:02,665 - INFO - Acesso bem-sucedido ao site: https://dreamwalkerplane.onrender.com
2025-07-04 14:09:53,485 - INFO - Acesso bem-sucedido ao site: https://dreamwalkerplane.onrender.com
2025-07-04 14:24:44,627 - INFO - Acesso bem-sucedido ao site: https://dreamwalkerplane.onrender.com
2025-07-06 17:43:20,186 - INFO - Iniciando o Keep-Alive Bot
2025-07-06 17:50:20,674 - WARNING - Acesso com falha (503) ao site: https://dreamwalkerplane.onrender.com
2025-07-06 18:12:11,176 - WARNING - Acesso com falha (503) ao site: https://dreamwalkerplane.onrender.com
2025-07-17 13:44:06,361 - INFO - 🚀 Iniciando o Keep-Alive Bot
2025-07-17 13:44:06,362 - INFO - 📊 Monitorando 1 site(s)
2025-07-17 13:44:06,362 - INFO -   1. https://dreamwalkerplane.onrender.com
2025-07-17 13:44:06,363 - INFO - 🔄 Iniciando ciclo #1
2025-07-17 13:44:36,475 - ERROR - ⏰ Timeout ao acessar o site: https://dreamwalkerplane.onrender.com
2025-07-17 13:44:36,475 - INFO - ⏱️ Aguardando 16min 15s até próximo ciclo...
